<?xml version="1.0" encoding="UTF-8"?>
<testng-results ignored="0" total="2" passed="2" failed="0" skipped="0">
  <reporter-output>
  </reporter-output>
  <suite started-at="2024-01-19T14:29:41 IST" name="Default suite" finished-at="2024-01-19T14:31:05 IST" duration-ms="83843">
    <groups>
    </groups>
    <test started-at="2024-01-19T14:29:41 IST" name="Default test" finished-at="2024-01-19T14:31:05 IST" duration-ms="83843">
      <class name="exam.androidPresentation">
        <test-method signature="Test1()[pri:1, instance:exam.androidPresentation@70ed52de]" started-at="2024-01-19T14:29:41 IST" name="Test1" finished-at="2024-01-19T14:30:09 IST" duration-ms="28071" status="PASS">
          <reporter-output>
          </reporter-output>
        </test-method> <!-- Test1 -->
        <test-method signature="test2()[pri:2, instance:exam.androidPresentation@70ed52de]" started-at="2024-01-19T14:30:09 IST" name="test2" finished-at="2024-01-19T14:31:05 IST" duration-ms="55690" status="PASS">
          <reporter-output>
          </reporter-output>
        </test-method> <!-- test2 -->
      </class> <!-- exam.androidPresentation -->
    </test> <!-- Default test -->
  </suite> <!-- Default suite -->
</testng-results>
