<?xml version="1.0" encoding="UTF-8"?>
<!-- Generated by org.testng.reporters.JUnitXMLReporter -->
<testsuite ignored="4" hostname="LP000555" failures="0" tests="2" name="groupDemo" time="0.044" errors="0" timestamp="2024-03-01T10:53:55 IST">
  <testcase classname="groupings.NewTest" name="test1" time="0.007"/>
  <testcase classname="groupings.NewTest" name="test2" time="0.001"/>
  <testcase classname="groupings.NewTest" name="test3" time="0.0">
    <ignored/>
  </testcase> <!-- test3 -->
  <testcase classname="groupings.NewTest2" name="test5" time="0.0">
    <ignored/>
  </testcase> <!-- test5 -->
  <testcase classname="groupings.NewTest2" name="test6" time="0.0">
    <ignored/>
  </testcase> <!-- test6 -->
  <testcase classname="groupings.NewTest2" name="test4" time="0.0">
    <ignored/>
  </testcase> <!-- test4 -->
</testsuite> <!-- groupDemo -->
