<?xml version="1.0" encoding="UTF-8"?>
<testng-results ignored="0" total="1" passed="1" failed="0" skipped="0">
  <reporter-output>
  </reporter-output>
  <suite started-at="2024-03-04T15:47:59 IST" name="Default suite" finished-at="2024-03-04T15:48:06 IST" duration-ms="6885">
    <groups>
    </groups>
    <test started-at="2024-03-04T15:47:59 IST" name="Default test" finished-at="2024-03-04T15:48:06 IST" duration-ms="6885">
      <class name="practice.WithoutSendKeys">
        <test-method signature="f()[pri:0, instance:practice.WithoutSendKeys@71def8f8]" started-at="2024-03-04T15:47:59 IST" name="f" finished-at="2024-03-04T15:48:06 IST" duration-ms="6852" status="PASS">
          <reporter-output>
          </reporter-output>
        </test-method> <!-- f -->
      </class> <!-- practice.WithoutSendKeys -->
    </test> <!-- Default test -->
  </suite> <!-- Default suite -->
</testng-results>
