<?xml version="1.0" encoding="UTF-8"?>
<testng-results ignored="0" total="6" passed="5" failed="1" skipped="0">
  <reporter-output>
  </reporter-output>
  <suite started-at="2024-01-04T10:21:59 IST" name="Default suite" finished-at="2024-01-04T10:22:22 IST" duration-ms="23294">
    <groups>
    </groups>
    <test started-at="2024-01-04T10:21:59 IST" name="Default test" finished-at="2024-01-04T10:22:22 IST" duration-ms="23294">
      <class name="package1.Ecommerce">
        <test-method signature="test1()[pri:1, instance:package1.Ecommerce@5400db36]" started-at="2024-01-04T10:21:59 IST" name="test1" finished-at="2024-01-04T10:22:00 IST" duration-ms="818" status="PASS">
          <reporter-output>
          </reporter-output>
        </test-method> <!-- test1 -->
        <test-method signature="csvTest()[pri:2, instance:package1.Ecommerce@5400db36]" started-at="2024-01-04T10:22:00 IST" name="csvTest" finished-at="2024-01-04T10:22:03 IST" duration-ms="3358" status="PASS">
          <reporter-output>
          </reporter-output>
        </test-method> <!-- csvTest -->
        <test-method signature="addTOCart()[pri:3, instance:package1.Ecommerce@5400db36]" started-at="2024-01-04T10:22:03 IST" name="addTOCart" finished-at="2024-01-04T10:22:11 IST" duration-ms="7854" status="PASS">
          <reporter-output>
          </reporter-output>
        </test-method> <!-- addTOCart -->
        <test-method signature="checkOut()[pri:4, instance:package1.Ecommerce@5400db36]" started-at="2024-01-04T10:22:11 IST" name="checkOut" finished-at="2024-01-04T10:22:15 IST" duration-ms="3730" status="PASS">
          <reporter-output>
          </reporter-output>
        </test-method> <!-- checkOut -->
        <test-method signature="checkoutInformation()[pri:5, instance:package1.Ecommerce@5400db36]" started-at="2024-01-04T10:22:15 IST" name="checkoutInformation" finished-at="2024-01-04T10:22:22 IST" duration-ms="7458" status="PASS">
          <reporter-output>
          </reporter-output>
        </test-method> <!-- checkoutInformation -->
        <test-method signature="param(java.lang.String,java.lang.String)[pri:6, instance:package1.Ecommerce@5400db36]" started-at="2024-01-04T10:22:22 IST" name="param" finished-at="2024-01-04T10:22:22 IST" duration-ms="0" status="FAIL">
          <exception class="org.testng.TestNGException">
            <message>
              <![CDATA[
Parameter 'browserType' is required by @Test on method param but has not been marked @Optional or defined
in C:\Users\E010302\AppData\Local\Temp\testng-eclipse-112118097\testng-customsuite.xml]]>
            </message>
            <full-stacktrace>
              <![CDATA[org.testng.TestNGException: 
Parameter 'browserType' is required by @Test on method param but has not been marked @Optional or defined
in C:\Users\E010302\AppData\Local\Temp\testng-eclipse-112118097\testng-customsuite.xml
at org.testng.internal.Parameters.createParams(Parameters.java:267)
at org.testng.internal.Parameters.createParametersForMethod(Parameters.java:355)
at org.testng.internal.Parameters.createParameters(Parameters.java:693)
at org.testng.internal.Parameters.handleParameters(Parameters.java:888)
at org.testng.internal.Parameters.handleParameters(Parameters.java:737)
at org.testng.internal.invokers.ParameterHandler.handleParameters(ParameterHandler.java:72)
at org.testng.internal.invokers.ParameterHandler.createParameters(ParameterHandler.java:51)
at org.testng.internal.invokers.TestInvoker$MethodInvocationAgent.invoke(TestInvoker.java:915)
at org.testng.internal.invokers.TestInvoker.invokeTestMethods(TestInvoker.java:201)
at org.testng.internal.invokers.TestMethodWorker.invokeTestMethods(TestMethodWorker.java:148)
at org.testng.internal.invokers.TestMethodWorker.run(TestMethodWorker.java:128)
at java.base/java.util.ArrayList.forEach(ArrayList.java:1511)
at org.testng.TestRunner.privateRun(TestRunner.java:819)
at org.testng.TestRunner.run(TestRunner.java:619)
at org.testng.SuiteRunner.runTest(SuiteRunner.java:443)
at org.testng.SuiteRunner.runSequentially(SuiteRunner.java:437)
at org.testng.SuiteRunner.privateRun(SuiteRunner.java:397)
at org.testng.SuiteRunner.run(SuiteRunner.java:336)
at org.testng.SuiteRunnerWorker.runSuite(SuiteRunnerWorker.java:52)
at org.testng.SuiteRunnerWorker.run(SuiteRunnerWorker.java:95)
at org.testng.TestNG.runSuitesSequentially(TestNG.java:1301)
at org.testng.TestNG.runSuitesLocally(TestNG.java:1228)
at org.testng.TestNG.runSuites(TestNG.java:1134)
at org.testng.TestNG.run(TestNG.java:1101)
at org.testng.remote.AbstractRemoteTestNG.run(AbstractRemoteTestNG.java:115)
at org.testng.remote.RemoteTestNG.initAndRun(RemoteTestNG.java:251)
at org.testng.remote.RemoteTestNG.main(RemoteTestNG.java:77)
]]>
            </full-stacktrace>
          </exception> <!-- org.testng.TestNGException -->
          <reporter-output>
          </reporter-output>
        </test-method> <!-- param -->
      </class> <!-- package1.Ecommerce -->
    </test> <!-- Default test -->
  </suite> <!-- Default suite -->
</testng-results>
