<?xml version="1.0" encoding="UTF-8"?>
<testng-results ignored="0" total="1" passed="1" failed="0" skipped="0">
  <reporter-output>
  </reporter-output>
  <suite started-at="2024-01-04T12:46:55 IST" name="Default suite" finished-at="2024-01-04T12:47:06 IST" duration-ms="10548">
    <groups>
    </groups>
    <test started-at="2024-01-04T12:46:55 IST" name="Default test" finished-at="2024-01-04T12:47:06 IST" duration-ms="10548">
      <class name="p2.NewTest">
        <test-method is-config="true" signature="beforeClass()[pri:0, instance:p2.NewTest@26b894bd]" started-at="2024-01-04T12:46:55 IST" name="beforeClass" finished-at="2024-01-04T12:46:55 IST" duration-ms="19" status="PASS">
          <reporter-output>
          </reporter-output>
        </test-method> <!-- beforeClass -->
        <test-method signature="amazon()[pri:0, instance:p2.NewTest@26b894bd]" started-at="2024-01-04T12:46:55 IST" name="amazon" finished-at="2024-01-04T12:47:06 IST" duration-ms="10458" status="PASS">
          <reporter-output>
          </reporter-output>
        </test-method> <!-- amazon -->
        <test-method is-config="true" signature="afterClass()[pri:0, instance:p2.NewTest@26b894bd]" started-at="2024-01-04T12:47:06 IST" name="afterClass" finished-at="2024-01-04T12:47:06 IST" duration-ms="3" status="PASS">
          <reporter-output>
          </reporter-output>
        </test-method> <!-- afterClass -->
      </class> <!-- p2.NewTest -->
    </test> <!-- Default test -->
  </suite> <!-- Default suite -->
</testng-results>
