<?xml version="1.0" encoding="UTF-8"?>
<testng-results ignored="0" total="1" passed="1" failed="0" skipped="0">
  <reporter-output>
  </reporter-output>
  <suite started-at="2023-12-28T10:24:04 IST" name="Default suite" finished-at="2023-12-28T10:24:05 IST" duration-ms="1166">
    <groups>
    </groups>
    <test started-at="2023-12-28T10:24:04 IST" name="Default test" finished-at="2023-12-28T10:24:05 IST" duration-ms="1166">
      <class name="p1.PracticeTest4">
        <test-method is-config="true" signature="beforeClass()[pri:0, instance:p1.PracticeTest4@352c308]" started-at="2023-12-28T10:24:04 IST" name="beforeClass" finished-at="2023-12-28T10:24:04 IST" duration-ms="15" status="PASS">
          <reporter-output>
          </reporter-output>
        </test-method> <!-- beforeClass -->
        <test-method signature="test1()[pri:1, instance:p1.PracticeTest4@352c308]" started-at="2023-12-28T10:24:04 IST" name="test1" finished-at="2023-12-28T10:24:05 IST" duration-ms="1095" status="PASS">
          <reporter-output>
          </reporter-output>
        </test-method> <!-- test1 -->
        <test-method is-config="true" signature="afterClass()[pri:0, instance:p1.PracticeTest4@352c308]" started-at="2023-12-28T10:24:05 IST" name="afterClass" finished-at="2023-12-28T10:24:05 IST" duration-ms="0" status="PASS">
          <reporter-output>
          </reporter-output>
        </test-method> <!-- afterClass -->
      </class> <!-- p1.PracticeTest4 -->
    </test> <!-- Default test -->
  </suite> <!-- Default suite -->
</testng-results>
