<?xml version="1.0" encoding="UTF-8"?>
<!-- Generated by org.testng.reporters.JUnitXMLReporter -->
<testsuite ignored="3" hostname="LP000555" failures="0" tests="1" name="Default test" time="1.166" errors="0" timestamp="2023-12-28T10:24:05 IST">
  <testcase classname="p1.PracticeTest4" name="test1" time="1.095"/>
  <testcase classname="p1.PracticeTest4" name="test2" time="0.0">
    <ignored/>
  </testcase> <!-- test2 -->
  <testcase classname="p1.PracticeTest4" name="test3" time="0.0">
    <ignored/>
  </testcase> <!-- test3 -->
  <testcase classname="p1.PracticeTest4" name="test4" time="0.0">
    <ignored/>
  </testcase> <!-- test4 -->
</testsuite> <!-- Default test -->
