<?xml version="1.0" encoding="UTF-8"?>
<!-- Generated by org.testng.reporters.JUnitXMLReporter -->
<testsuite ignored="0" hostname="LP000555" failures="0" tests="5" name="Default test" time="11.559" errors="0" timestamp="2023-12-25T12:02:27 IST">
  <testcase classname="p1.NewTest" name="test1" time="0.539"/>
  <testcase classname="p1.NewTest" name="test2" time="0.3"/>
  <testcase classname="p1.NewTest" name="test3" time="0.112"/>
  <testcase classname="p1.NewTest" name="test4" time="5.127"/>
  <testcase classname="p1.NewTest" name="test5" time="3.439"/>
</testsuite> <!-- Default test -->
