<?xml version="1.0" encoding="UTF-8"?>
<!-- Generated by org.testng.reporters.JUnitXMLReporter -->
<testsuite ignored="0" hostname="LP000555" failures="0" tests="6" name="DataProviderTest" time="38.815" errors="0" timestamp="2024-02-29T16:59:14 IST">
  <testcase classname="dataProviderDemo.dataProviderPRactice" name="parallel" time="17.001"/>
  <testcase classname="dataProviderDemo.dataProviderPRactice" name="parallel" time="17.049"/>
  <testcase classname="dataProviderDemo.dataProviderPRactice" name="parallel" time="17.174"/>
  <testcase classname="dataProviderDemo.dataProviderPRactice" name="parallel" time="17.08"/>
  <testcase classname="dataProviderDemo.dataProviderPRactice" name="parallel" time="16.971"/>
  <testcase classname="dataProviderDemo.dataProviderPRactice" name="parallel" time="21.771"/>
</testsuite> <!-- DataProviderTest -->
