<?xml version="1.0" encoding="UTF-8"?>
<!-- Generated by org.testng.reporters.JUnitXMLReporter -->
<testsuite ignored="0" hostname="LP000555" failures="1" tests="1" name="Default test" time="20.691" errors="0" timestamp="2024-01-09T13:00:38 IST">
  <testcase classname="practice.IosTestChrome" name="f" time="20.554">
    <failure type="org.openqa.selenium.WebDriverException" message="Appium error: An unknown server-side error occurred while processing the command. Original error: Url or Uri must start with &amp;lt;scheme&amp;gt;:// (WARNING: The server did not provide any stacktrace information)
Command duration or timeout: 0 milliseconds
Build info: version: &amp;apos;3.5.3&amp;apos;, revision: &amp;apos;a88d25fe6b&amp;apos;, time: &amp;apos;2017-08-29T12:42:44.417Z&amp;apos;
System info: host: &amp;apos;LP000555&amp;apos;, ip: &amp;apos;10.99.105.83&amp;apos;, os.name: &amp;apos;Windows 10&amp;apos;, os.arch: &amp;apos;amd64&amp;apos;, os.version: &amp;apos;10.0&amp;apos;, java.version: &amp;apos;17.0.9&amp;apos;
Driver info: io.appium.java_client.ios.IOSDriver
Capabilities [{browserstack.is_hub_canary=false, webkitResponseTimeout=20000, noReset=true, bundleID=com.browserstack.SampleLocalApp, uiautomator2ServerLaunchTimeout=60000, deviceName=iPhone 15, platform=MAC, acceptSslCerts=false, detected_language=Apache-HttpClient/4.5.3 (Java/17.0.9), newCommandTimeout=0, webStorageEnabled=false, acceptSslCert=false, automationName=XCUITest, browserName=, takesScreenshot=true, wdaStartupRetries=3, javascriptEnabled=true, udid=00008120-000A2D420AD2201E, platformName=MAC, 64bit=false, networkConnectionEnabled=false, orientation=PORTRAIT, buildName=Second build, capabilities={browserstack.is_hub_canary=false, webkitResponseTimeout=20000, noReset=true, bundleID=com.browserstack.SampleLocalApp, uiautomator2ServerLaunchTimeout=60000, deviceName=iPhone 15, platform=MAC, acceptSslCerts=false, detected_language=Apache-HttpClient/4.5.3 (Java/17.0.9), newCommandTimeout=0, webStorageEnabled=false, acceptSslCert=false, automationName=XCUITest, browserName=, takesScreenshot=true, wdaStartupRetries=3, javascriptEnabled=true, udid=00008120-000A2D420AD2201E, platformName=iOS, 64bit=false, networkConnectionEnabled=false, orientation=PORTRAIT, buildName=Second build, browserstack.minOSVersion=12.0, sessionName=ios sample testing, browserstack.appium_version=1.21.0, bundleId=com.browserstack.SampleLocalApp, mobile={browser=mobile, version=iPhone 15-17.1}, biometricUserOptionAccessible=false, sessionId=8d269a18c33420862dc42d3b84d1d34a512bade2, databaseEnabled=false, new_bucketing=true, version=, waitForQuiescence=false, bootstrapPath=/usr/local/.browserstack/config/wda_derived_data_00008120-000A2D420AD2201E/Build/Products, browserstack.isTargetBased=false, useXctestrunFile=true, safariIgnoreFraudWarning=true, orig_os=ios, realMobile=true, locationContextEnabled=false, deviceOrientation=PORTRAIT, projectName=Second project, wda_port=8401, device=iphone, custom_replay_kit_params={&amp;quot;rotation&amp;quot;:&amp;quot;false&amp;quot;,&amp;quot;captureWidth&amp;quot;:&amp;quot;380&amp;quot;,&amp;quot;captureHeight&amp;quot;:&amp;quot;824&amp;quot;,&amp;quot;bitRate&amp;quot;:&amp;quot;600000&amp;quot;}, safariInitialUrl=http://mobile-internet-check.browserstack.com}, browserstack.minOSVersion=12.0, sessionName=ios sample testing, browserstack.appium_version=1.21.0, bundleId=com.browserstack.SampleLocalApp, mobile={browser=mobile, version=iPhone 15-17.1}, biometricUserOptionAccessible=false, sessionId=8d269a18c33420862dc42d3b84d1d34a512bade2, databaseEnabled=false, new_bucketing=true, version=, waitForQuiescence=false, bootstrapPath=/usr/local/.browserstack/config/wda_derived_data_00008120-000A2D420AD2201E/Build/Products, browserstack.isTargetBased=false, useXctestrunFile=true, safariIgnoreFraudWarning=true, orig_os=ios, realMobile=true, locationContextEnabled=false, deviceOrientation=PORTRAIT, projectName=Second project, wda_port=8401, device=iphone, custom_replay_kit_params={&amp;quot;rotation&amp;quot;:&amp;quot;false&amp;quot;,&amp;quot;captureWidth&amp;quot;:&amp;quot;380&amp;quot;,&amp;quot;captureHeight&amp;quot;:&amp;quot;824&amp;quot;,&amp;quot;bitRate&amp;quot;:&amp;quot;600000&amp;quot;}, safariInitialUrl=http://mobile-internet-check.browserstack.com}]
Session ID: 8d269a18c33420862dc42d3b84d1d34a512bade2">
      <![CDATA[org.openqa.selenium.WebDriverException: Appium error: An unknown server-side error occurred while processing the command. Original error: Url or Uri must start with <scheme>:// (WARNING: The server did not provide any stacktrace information)
Command duration or timeout: 0 milliseconds
Build info: version: '3.5.3', revision: 'a88d25fe6b', time: '2017-08-29T12:42:44.417Z'
System info: host: 'LP000555', ip: '10.99.105.83', os.name: 'Windows 10', os.arch: 'amd64', os.version: '10.0', java.version: '17.0.9'
Driver info: io.appium.java_client.ios.IOSDriver
Capabilities [{browserstack.is_hub_canary=false, webkitResponseTimeout=20000, noReset=true, bundleID=com.browserstack.SampleLocalApp, uiautomator2ServerLaunchTimeout=60000, deviceName=iPhone 15, platform=MAC, acceptSslCerts=false, detected_language=Apache-HttpClient/4.5.3 (Java/17.0.9), newCommandTimeout=0, webStorageEnabled=false, acceptSslCert=false, automationName=XCUITest, browserName=, takesScreenshot=true, wdaStartupRetries=3, javascriptEnabled=true, udid=00008120-000A2D420AD2201E, platformName=MAC, 64bit=false, networkConnectionEnabled=false, orientation=PORTRAIT, buildName=Second build, capabilities={browserstack.is_hub_canary=false, webkitResponseTimeout=20000, noReset=true, bundleID=com.browserstack.SampleLocalApp, uiautomator2ServerLaunchTimeout=60000, deviceName=iPhone 15, platform=MAC, acceptSslCerts=false, detected_language=Apache-HttpClient/4.5.3 (Java/17.0.9), newCommandTimeout=0, webStorageEnabled=false, acceptSslCert=false, automationName=XCUITest, browserName=, takesScreenshot=true, wdaStartupRetries=3, javascriptEnabled=true, udid=00008120-000A2D420AD2201E, platformName=iOS, 64bit=false, networkConnectionEnabled=false, orientation=PORTRAIT, buildName=Second build, browserstack.minOSVersion=12.0, sessionName=ios sample testing, browserstack.appium_version=1.21.0, bundleId=com.browserstack.SampleLocalApp, mobile={browser=mobile, version=iPhone 15-17.1}, biometricUserOptionAccessible=false, sessionId=8d269a18c33420862dc42d3b84d1d34a512bade2, databaseEnabled=false, new_bucketing=true, version=, waitForQuiescence=false, bootstrapPath=/usr/local/.browserstack/config/wda_derived_data_00008120-000A2D420AD2201E/Build/Products, browserstack.isTargetBased=false, useXctestrunFile=true, safariIgnoreFraudWarning=true, orig_os=ios, realMobile=true, locationContextEnabled=false, deviceOrientation=PORTRAIT, projectName=Second project, wda_port=8401, device=iphone, custom_replay_kit_params={"rotation":"false","captureWidth":"380","captureHeight":"824","bitRate":"600000"}, safariInitialUrl=http://mobile-internet-check.browserstack.com}, browserstack.minOSVersion=12.0, sessionName=ios sample testing, browserstack.appium_version=1.21.0, bundleId=com.browserstack.SampleLocalApp, mobile={browser=mobile, version=iPhone 15-17.1}, biometricUserOptionAccessible=false, sessionId=8d269a18c33420862dc42d3b84d1d34a512bade2, databaseEnabled=false, new_bucketing=true, version=, waitForQuiescence=false, bootstrapPath=/usr/local/.browserstack/config/wda_derived_data_00008120-000A2D420AD2201E/Build/Products, browserstack.isTargetBased=false, useXctestrunFile=true, safariIgnoreFraudWarning=true, orig_os=ios, realMobile=true, locationContextEnabled=false, deviceOrientation=PORTRAIT, projectName=Second project, wda_port=8401, device=iphone, custom_replay_kit_params={"rotation":"false","captureWidth":"380","captureHeight":"824","bitRate":"600000"}, safariInitialUrl=http://mobile-internet-check.browserstack.com}]
Session ID: 8d269a18c33420862dc42d3b84d1d34a512bade2
at java.base/jdk.internal.reflect.NativeConstructorAccessorImpl.newInstance0(Native Method)
at java.base/jdk.internal.reflect.NativeConstructorAccessorImpl.newInstance(NativeConstructorAccessorImpl.java:77)
at java.base/jdk.internal.reflect.DelegatingConstructorAccessorImpl.newInstance(DelegatingConstructorAccessorImpl.java:45)
at java.base/java.lang.reflect.Constructor.newInstanceWithCaller(Constructor.java:499)
at java.base/java.lang.reflect.Constructor.newInstance(Constructor.java:480)
at org.openqa.selenium.remote.ErrorHandler.createThrowable(ErrorHandler.java:215)
at org.openqa.selenium.remote.ErrorHandler.throwIfResponseFailed(ErrorHandler.java:167)
at org.openqa.selenium.remote.http.JsonHttpResponseCodec.reconstructValue(JsonHttpResponseCodec.java:40)
at org.openqa.selenium.remote.http.AbstractHttpResponseCodec.decode(AbstractHttpResponseCodec.java:82)
at org.openqa.selenium.remote.http.AbstractHttpResponseCodec.decode(AbstractHttpResponseCodec.java:45)
at org.openqa.selenium.remote.HttpCommandExecutor.execute(HttpCommandExecutor.java:164)
at io.appium.java_client.remote.AppiumCommandExecutor.execute(AppiumCommandExecutor.java:89)
at org.openqa.selenium.remote.RemoteWebDriver.execute(RemoteWebDriver.java:646)
at io.appium.java_client.DefaultGenericMobileDriver.execute(DefaultGenericMobileDriver.java:42)
at io.appium.java_client.AppiumDriver.execute(AppiumDriver.java:1)
at io.appium.java_client.ios.IOSDriver.execute(IOSDriver.java:1)
at org.openqa.selenium.remote.RemoteWebDriver.get(RemoteWebDriver.java:370)
at practice.IosTestChrome.f(IosTestChrome.java:29)
at java.base/jdk.internal.reflect.NativeMethodAccessorImpl.invoke0(Native Method)
at java.base/jdk.internal.reflect.NativeMethodAccessorImpl.invoke(NativeMethodAccessorImpl.java:77)
at java.base/jdk.internal.reflect.DelegatingMethodAccessorImpl.invoke(DelegatingMethodAccessorImpl.java:43)
at java.base/java.lang.reflect.Method.invoke(Method.java:568)
at org.testng.internal.invokers.MethodInvocationHelper.invokeMethod(MethodInvocationHelper.java:139)
at org.testng.internal.invokers.TestInvoker.invokeMethod(TestInvoker.java:664)
at org.testng.internal.invokers.TestInvoker.invokeTestMethod(TestInvoker.java:228)
at org.testng.internal.invokers.MethodRunner.runInSequence(MethodRunner.java:63)
at org.testng.internal.invokers.TestInvoker$MethodInvocationAgent.invoke(TestInvoker.java:961)
at org.testng.internal.invokers.TestInvoker.invokeTestMethods(TestInvoker.java:201)
at org.testng.internal.invokers.TestMethodWorker.invokeTestMethods(TestMethodWorker.java:148)
at org.testng.internal.invokers.TestMethodWorker.run(TestMethodWorker.java:128)
at java.base/java.util.ArrayList.forEach(ArrayList.java:1511)
at org.testng.TestRunner.privateRun(TestRunner.java:819)
at org.testng.TestRunner.run(TestRunner.java:619)
at org.testng.SuiteRunner.runTest(SuiteRunner.java:443)
at org.testng.SuiteRunner.runSequentially(SuiteRunner.java:437)
at org.testng.SuiteRunner.privateRun(SuiteRunner.java:397)
at org.testng.SuiteRunner.run(SuiteRunner.java:336)
at org.testng.SuiteRunnerWorker.runSuite(SuiteRunnerWorker.java:52)
at org.testng.SuiteRunnerWorker.run(SuiteRunnerWorker.java:95)
at org.testng.TestNG.runSuitesSequentially(TestNG.java:1301)
at org.testng.TestNG.runSuitesLocally(TestNG.java:1228)
at org.testng.TestNG.runSuites(TestNG.java:1134)
at org.testng.TestNG.run(TestNG.java:1101)
at org.testng.remote.AbstractRemoteTestNG.run(AbstractRemoteTestNG.java:115)
at org.testng.remote.RemoteTestNG.initAndRun(RemoteTestNG.java:251)
at org.testng.remote.RemoteTestNG.main(RemoteTestNG.java:77)
]]>
    </failure>
  </testcase> <!-- f -->
</testsuite> <!-- Default test -->
