<?xml version="1.0" encoding="UTF-8"?>
<testng-results ignored="0" total="5" passed="5" failed="0" skipped="0">
  <reporter-output>
  </reporter-output>
  <suite started-at="2023-12-25T12:02:16 IST" name="Default suite" finished-at="2023-12-25T12:02:27 IST" duration-ms="11559">
    <groups>
    </groups>
    <test started-at="2023-12-25T12:02:16 IST" name="Default test" finished-at="2023-12-25T12:02:27 IST" duration-ms="11559">
      <class name="p1.NewTest">
        <test-method is-config="true" signature="beforeClass()[pri:0, instance:p1.NewTest@52719fb6]" started-at="2023-12-25T12:02:16 IST" name="beforeClass" finished-at="2023-12-25T12:02:18 IST" duration-ms="1990" status="PASS">
          <reporter-output>
          </reporter-output>
        </test-method> <!-- beforeClass -->
        <test-method signature="test1()[pri:1, instance:p1.NewTest@52719fb6]" started-at="2023-12-25T12:02:18 IST" name="test1" finished-at="2023-12-25T12:02:18 IST" duration-ms="539" status="PASS">
          <reporter-output>
          </reporter-output>
        </test-method> <!-- test1 -->
        <test-method signature="test2()[pri:2, instance:p1.NewTest@52719fb6]" started-at="2023-12-25T12:02:18 IST" name="test2" finished-at="2023-12-25T12:02:18 IST" duration-ms="300" status="PASS">
          <reporter-output>
          </reporter-output>
        </test-method> <!-- test2 -->
        <test-method signature="test3()[pri:3, instance:p1.NewTest@52719fb6]" started-at="2023-12-25T12:02:19 IST" name="test3" finished-at="2023-12-25T12:02:19 IST" duration-ms="112" status="PASS">
          <reporter-output>
          </reporter-output>
        </test-method> <!-- test3 -->
        <test-method signature="test4()[pri:4, instance:p1.NewTest@52719fb6]" started-at="2023-12-25T12:02:19 IST" name="test4" finished-at="2023-12-25T12:02:24 IST" duration-ms="5127" status="PASS">
          <reporter-output>
          </reporter-output>
        </test-method> <!-- test4 -->
        <test-method signature="test5()[pri:5, instance:p1.NewTest@52719fb6]" started-at="2023-12-25T12:02:24 IST" name="test5" finished-at="2023-12-25T12:02:27 IST" duration-ms="3439" status="PASS">
          <reporter-output>
          </reporter-output>
        </test-method> <!-- test5 -->
        <test-method is-config="true" signature="afterClass()[pri:0, instance:p1.NewTest@52719fb6]" started-at="2023-12-25T12:02:27 IST" name="afterClass" finished-at="2023-12-25T12:02:27 IST" duration-ms="0" status="PASS">
          <reporter-output>
          </reporter-output>
        </test-method> <!-- afterClass -->
      </class> <!-- p1.NewTest -->
    </test> <!-- Default test -->
  </suite> <!-- Default suite -->
</testng-results>
